<?xml version="1.0" encoding="UTF-8"?>
<testsuite xmlns:xsi="http://www.w3.org/2001/XMLSchema-instance" xsi:noNamespaceSchemaLocation="https://maven.apache.org/surefire/maven-surefire-plugin/xsd/surefire-test-report.xsd" version="3.0.2" name="laughing.man.commits.spring.boot.autoconfigure.PojoLensSpringBootAutoConfigurationTest" time="0.478" tests="5" errors="0" skipped="0" failures="0">
  <properties>
[...]
</properties>
  <testcase name="shouldApplyRuntimePropertyOverrides" classname="laughing.man.commits.spring.boot.autoconfigure.PojoLensSpringBootAutoConfigurationTest" time="0.287"/>
  <testcase name="shouldDisableMicrometerTelemetryListenerWhenConfigured" classname="laughing.man.commits.spring.boot.autoconfigure.PojoLensSpringBootAutoConfigurationTest" time="0.027"/>
  <testcase name="shouldWireMicrometerTelemetryListenerWhenMeterRegistryPresent" classname="laughing.man.commits.spring.boot.autoconfigure.PojoLensSpringBootAutoConfigurationTest" time="0.034"/>
  <testcase name="shouldAutoConfigureRuntimeWithProdDefaults" classname="laughing.man.commits.spring.boot.autoconfigure.PojoLensSpringBootAutoConfigurationTest" time="0.009"/>
  <testcase name="shouldBackOffWhenRuntimeBeanAlreadyProvided" classname="laughing.man.commits.spring.boot.autoconfigure.PojoLensSpringBootAutoConfigurationTest" time="0.009"/>
</testsuite>